nov 26, 2013 9:10:13 AM org.apache.catalina.core.AprLifecycleListener init
Información: La biblioteca nativa de Apache Tomcat basada en ARP que permite un rendimiento óptimo en entornos de desarrollo no ha sido hallada en java.library.path: /usr/java/packages/lib/amd64:/usr/lib64:/lib64:/lib:/usr/lib
nov 26, 2013 9:10:14 AM org.apache.coyote.AbstractProtocol init
Información: Initializing ProtocolHandler ["http-bio-8080"]
nov 26, 2013 9:10:14 AM org.apache.coyote.AbstractProtocol init
Información: Initializing ProtocolHandler ["ajp-bio-8009"]
nov 26, 2013 9:10:14 AM org.apache.catalina.startup.Catalina load
Información: Initialization processed in 605 ms
nov 26, 2013 9:10:14 AM org.apache.catalina.core.StandardService startInternal
Información: Arrancando servicio Catalina
nov 26, 2013 9:10:14 AM org.apache.catalina.core.StandardEngine startInternal
Información: Starting Servlet Engine: Apache Tomcat/7.0.23
nov 26, 2013 9:10:14 AM org.apache.catalina.startup.HostConfig deployDirectory
Información: Despliegue del directorio /home/fernando/Documentos/DAM/Segundo/2dam/AD/apache-tomcat-7.0.23/webapps/ROOT de la aplicación web
nov 26, 2013 9:10:14 AM org.apache.catalina.startup.HostConfig deployDirectory
Información: Despliegue del directorio /home/fernando/Documentos/DAM/Segundo/2dam/AD/apache-tomcat-7.0.23/webapps/ejemploMVC de la aplicación web
nov 26, 2013 9:10:14 AM org.apache.catalina.startup.HostConfig deployDirectory
Información: Despliegue del directorio /home/fernando/Documentos/DAM/Segundo/2dam/AD/apache-tomcat-7.0.23/webapps/manager de la aplicación web
nov 26, 2013 9:10:14 AM org.apache.catalina.startup.HostConfig deployDirectory
Información: Despliegue del directorio /home/fernando/Documentos/DAM/Segundo/2dam/AD/apache-tomcat-7.0.23/webapps/examples de la aplicación web
nov 26, 2013 9:10:14 AM org.apache.catalina.startup.HostConfig deployDirectory
Información: Despliegue del directorio /home/fernando/Documentos/DAM/Segundo/2dam/AD/apache-tomcat-7.0.23/webapps/docs de la aplicación web
nov 26, 2013 9:10:14 AM org.apache.catalina.startup.HostConfig deployDirectory
Información: Despliegue del directorio /home/fernando/Documentos/DAM/Segundo/2dam/AD/apache-tomcat-7.0.23/webapps/host-manager de la aplicación web
nov 26, 2013 9:10:15 AM org.apache.coyote.AbstractProtocol start
Información: Starting ProtocolHandler ["http-bio-8080"]
nov 26, 2013 9:10:15 AM org.apache.coyote.AbstractProtocol start
Información: Starting ProtocolHandler ["ajp-bio-8009"]
nov 26, 2013 9:10:15 AM org.apache.catalina.startup.Catalina start
Información: Server startup in 905 ms
nov 26, 2013 9:48:30 AM org.apache.catalina.core.StandardServer await
Información: Se ha recibido un comando de apagado a través del puerto de apagado. Parando la instancia del Servidor.
nov 26, 2013 9:48:30 AM org.apache.coyote.AbstractProtocol pause
Información: Pausing ProtocolHandler ["http-bio-8080"]
nov 26, 2013 9:48:30 AM org.apache.coyote.AbstractProtocol pause
Información: Pausing ProtocolHandler ["ajp-bio-8009"]
nov 26, 2013 9:48:30 AM org.apache.catalina.core.StandardService stopInternal
Información: Parando servicio Catalina
nov 26, 2013 9:48:30 AM org.apache.catalina.loader.WebappClassLoader clearReferencesJdbc
Grave: La aplicación web [/ejemploMVC] registró el conductor JDBC [com.mysql.jdbc.Driver] pero falló al anular el registro mientras la aplicación web estaba parada. Para prevenir un fallo de memoria, se ha anulado el registro del conductor JDBC por la fuerza.
nov 26, 2013 9:48:30 AM org.apache.coyote.AbstractProtocol stop
Información: Stopping ProtocolHandler ["http-bio-8080"]
nov 26, 2013 9:48:30 AM org.apache.coyote.AbstractProtocol stop
Información: Stopping ProtocolHandler ["ajp-bio-8009"]
nov 26, 2013 9:48:30 AM org.apache.coyote.AbstractProtocol destroy
Información: Destroying ProtocolHandler ["http-bio-8080"]
nov 26, 2013 9:48:30 AM org.apache.coyote.AbstractProtocol destroy
Información: Destroying ProtocolHandler ["ajp-bio-8009"]
nov 26, 2013 9:48:32 AM org.apache.catalina.core.AprLifecycleListener init
Información: La biblioteca nativa de Apache Tomcat basada en ARP que permite un rendimiento óptimo en entornos de desarrollo no ha sido hallada en java.library.path: /usr/java/packages/lib/amd64:/usr/lib64:/lib64:/lib:/usr/lib
nov 26, 2013 9:48:33 AM org.apache.coyote.AbstractProtocol init
Información: Initializing ProtocolHandler ["http-bio-8080"]
nov 26, 2013 9:48:33 AM org.apache.coyote.AbstractProtocol init
Información: Initializing ProtocolHandler ["ajp-bio-8009"]
nov 26, 2013 9:48:33 AM org.apache.catalina.startup.Catalina load
Información: Initialization processed in 629 ms
nov 26, 2013 9:48:33 AM org.apache.catalina.core.StandardService startInternal
Información: Arrancando servicio Catalina
nov 26, 2013 9:48:33 AM org.apache.catalina.core.StandardEngine startInternal
Información: Starting Servlet Engine: Apache Tomcat/7.0.23
nov 26, 2013 9:48:33 AM org.apache.catalina.startup.HostConfig deployDirectory
Información: Despliegue del directorio /home/fernando/Documentos/DAM/Segundo/2dam/AD/apache-tomcat-7.0.23/webapps/ROOT de la aplicación web
nov 26, 2013 9:48:33 AM org.apache.catalina.startup.HostConfig deployDirectory
Información: Despliegue del directorio /home/fernando/Documentos/DAM/Segundo/2dam/AD/apache-tomcat-7.0.23/webapps/ejemploMVC de la aplicación web
nov 26, 2013 9:48:33 AM org.apache.catalina.startup.HostConfig deployDirectory
Información: Despliegue del directorio /home/fernando/Documentos/DAM/Segundo/2dam/AD/apache-tomcat-7.0.23/webapps/manager de la aplicación web
nov 26, 2013 9:48:33 AM org.apache.catalina.startup.HostConfig deployDirectory
Información: Despliegue del directorio /home/fernando/Documentos/DAM/Segundo/2dam/AD/apache-tomcat-7.0.23/webapps/examples de la aplicación web
nov 26, 2013 9:48:34 AM org.apache.catalina.startup.HostConfig deployDirectory
Información: Despliegue del directorio /home/fernando/Documentos/DAM/Segundo/2dam/AD/apache-tomcat-7.0.23/webapps/docs de la aplicación web
nov 26, 2013 9:48:34 AM org.apache.catalina.startup.HostConfig deployDirectory
Información: Despliegue del directorio /home/fernando/Documentos/DAM/Segundo/2dam/AD/apache-tomcat-7.0.23/webapps/host-manager de la aplicación web
nov 26, 2013 9:48:34 AM org.apache.coyote.AbstractProtocol start
Información: Starting ProtocolHandler ["http-bio-8080"]
nov 26, 2013 9:48:34 AM org.apache.coyote.AbstractProtocol start
Información: Starting ProtocolHandler ["ajp-bio-8009"]
nov 26, 2013 9:48:34 AM org.apache.catalina.startup.Catalina start
Información: Server startup in 920 ms
nov 26, 2013 12:01:07 PM org.apache.coyote.AbstractProtocol pause
Información: Pausing ProtocolHandler ["http-bio-8080"]
nov 26, 2013 12:01:07 PM org.apache.coyote.AbstractProtocol pause
Información: Pausing ProtocolHandler ["ajp-bio-8009"]
nov 26, 2013 12:01:07 PM org.apache.catalina.core.StandardService stopInternal
Información: Parando servicio Catalina
nov 26, 2013 12:01:07 PM org.apache.catalina.loader.WebappClassLoader clearReferencesJdbc
Grave: La aplicación web [/ejemploMVC] registró el conductor JDBC [com.mysql.jdbc.Driver] pero falló al anular el registro mientras la aplicación web estaba parada. Para prevenir un fallo de memoria, se ha anulado el registro del conductor JDBC por la fuerza.
nov 26, 2013 12:01:07 PM org.apache.coyote.AbstractProtocol stop
Información: Stopping ProtocolHandler ["http-bio-8080"]
nov 26, 2013 12:01:07 PM org.apache.coyote.AbstractProtocol stop
Información: Stopping ProtocolHandler ["ajp-bio-8009"]
nov 26, 2013 12:01:07 PM org.apache.coyote.AbstractProtocol destroy
Información: Destroying ProtocolHandler ["http-bio-8080"]
nov 26, 2013 12:01:07 PM org.apache.coyote.AbstractProtocol destroy
Información: Destroying ProtocolHandler ["ajp-bio-8009"]
