dic 02, 2013 9:01:21 AM org.apache.catalina.core.AprLifecycleListener init
Información: La biblioteca nativa de Apache Tomcat basada en ARP que permite un rendimiento óptimo en entornos de desarrollo no ha sido hallada en java.library.path: /usr/java/packages/lib/amd64:/usr/lib64:/lib64:/lib:/usr/lib
dic 02, 2013 9:01:22 AM org.apache.coyote.AbstractProtocol init
Información: Initializing ProtocolHandler ["http-bio-8080"]
dic 02, 2013 9:01:22 AM org.apache.coyote.AbstractProtocol init
Información: Initializing ProtocolHandler ["ajp-bio-8009"]
dic 02, 2013 9:01:22 AM org.apache.catalina.startup.Catalina load
Información: Initialization processed in 933 ms
dic 02, 2013 9:01:22 AM org.apache.catalina.core.StandardService startInternal
Información: Arrancando servicio Catalina
dic 02, 2013 9:01:22 AM org.apache.catalina.core.StandardEngine startInternal
Información: Starting Servlet Engine: Apache Tomcat/7.0.23
dic 02, 2013 9:01:22 AM org.apache.catalina.startup.HostConfig deployDirectory
Información: Despliegue del directorio /home/fernando/Documentos/DAM/Segundo/2dam/AD/apache-tomcat-7.0.23/webapps/ROOT de la aplicación web
dic 02, 2013 9:01:22 AM org.apache.catalina.util.SessionIdGenerator createSecureRandom
Información: Creation of SecureRandom instance for session ID generation using [SHA1PRNG] took [113] milliseconds.
dic 02, 2013 9:01:22 AM org.apache.catalina.startup.HostConfig deployDirectory
Información: Despliegue del directorio /home/fernando/Documentos/DAM/Segundo/2dam/AD/apache-tomcat-7.0.23/webapps/ejemploMVC de la aplicación web
dic 02, 2013 9:01:22 AM org.apache.catalina.startup.HostConfig deployDirectory
Información: Despliegue del directorio /home/fernando/Documentos/DAM/Segundo/2dam/AD/apache-tomcat-7.0.23/webapps/manager de la aplicación web
dic 02, 2013 9:01:22 AM org.apache.catalina.startup.HostConfig deployDirectory
Información: Despliegue del directorio /home/fernando/Documentos/DAM/Segundo/2dam/AD/apache-tomcat-7.0.23/webapps/examples de la aplicación web
dic 02, 2013 9:01:22 AM org.apache.catalina.startup.HostConfig deployDirectory
Información: Despliegue del directorio /home/fernando/Documentos/DAM/Segundo/2dam/AD/apache-tomcat-7.0.23/webapps/docs de la aplicación web
dic 02, 2013 9:01:23 AM org.apache.catalina.startup.HostConfig deployDirectory
Información: Despliegue del directorio /home/fernando/Documentos/DAM/Segundo/2dam/AD/apache-tomcat-7.0.23/webapps/host-manager de la aplicación web
dic 02, 2013 9:01:23 AM org.apache.coyote.AbstractProtocol start
Información: Starting ProtocolHandler ["http-bio-8080"]
dic 02, 2013 9:01:23 AM org.apache.coyote.AbstractProtocol start
Información: Starting ProtocolHandler ["ajp-bio-8009"]
dic 02, 2013 9:01:23 AM org.apache.catalina.startup.Catalina start
Información: Server startup in 1045 ms
dic 02, 2013 9:05:58 AM org.apache.catalina.core.AprLifecycleListener init
Información: La biblioteca nativa de Apache Tomcat basada en ARP que permite un rendimiento óptimo en entornos de desarrollo no ha sido hallada en java.library.path: /usr/java/packages/lib/amd64:/usr/lib64:/lib64:/lib:/usr/lib
dic 02, 2013 9:05:58 AM org.apache.coyote.AbstractProtocol init
Información: Initializing ProtocolHandler ["http-bio-8080"]
dic 02, 2013 9:05:58 AM org.apache.coyote.AbstractProtocol init
Grave: Failed to initialize end point associated with ProtocolHandler ["http-bio-8080"]
java.net.BindException: La dirección ya se está usando <null>:8080
	at org.apache.tomcat.util.net.JIoEndpoint.bind(JIoEndpoint.java:382)
	at org.apache.tomcat.util.net.AbstractEndpoint.init(AbstractEndpoint.java:553)
	at org.apache.coyote.AbstractProtocol.init(AbstractProtocol.java:369)
	at org.apache.coyote.http11.AbstractHttp11JsseProtocol.init(AbstractHttp11JsseProtocol.java:119)
	at org.apache.catalina.connector.Connector.initInternal(Connector.java:937)
	at org.apache.catalina.util.LifecycleBase.init(LifecycleBase.java:102)
	at org.apache.catalina.core.StandardService.initInternal(StandardService.java:559)
	at org.apache.catalina.util.LifecycleBase.init(LifecycleBase.java:102)
	at org.apache.catalina.core.StandardServer.initInternal(StandardServer.java:781)
	at org.apache.catalina.util.LifecycleBase.init(LifecycleBase.java:102)
	at org.apache.catalina.startup.Catalina.load(Catalina.java:573)
	at org.apache.catalina.startup.Catalina.load(Catalina.java:598)
	at sun.reflect.NativeMethodAccessorImpl.invoke0(Native Method)
	at sun.reflect.NativeMethodAccessorImpl.invoke(NativeMethodAccessorImpl.java:57)
	at sun.reflect.DelegatingMethodAccessorImpl.invoke(DelegatingMethodAccessorImpl.java:43)
	at java.lang.reflect.Method.invoke(Method.java:606)
	at org.apache.catalina.startup.Bootstrap.load(Bootstrap.java:281)
	at org.apache.catalina.startup.Bootstrap.main(Bootstrap.java:449)
Caused by: java.net.BindException: La dirección ya se está usando
	at java.net.PlainSocketImpl.socketBind(Native Method)
	at java.net.AbstractPlainSocketImpl.bind(AbstractPlainSocketImpl.java:376)
	at java.net.ServerSocket.bind(ServerSocket.java:376)
	at java.net.ServerSocket.<init>(ServerSocket.java:237)
	at java.net.ServerSocket.<init>(ServerSocket.java:181)
	at org.apache.tomcat.util.net.DefaultServerSocketFactory.createSocket(DefaultServerSocketFactory.java:49)
	at org.apache.tomcat.util.net.JIoEndpoint.bind(JIoEndpoint.java:369)
	... 17 more

dic 02, 2013 9:05:58 AM org.apache.catalina.core.StandardService initInternal
Grave: No pude inicializar el conector [Connector[HTTP/1.1-8080]]
org.apache.catalina.LifecycleException: Failed to initialize component [Connector[HTTP/1.1-8080]]
	at org.apache.catalina.util.LifecycleBase.init(LifecycleBase.java:106)
	at org.apache.catalina.core.StandardService.initInternal(StandardService.java:559)
	at org.apache.catalina.util.LifecycleBase.init(LifecycleBase.java:102)
	at org.apache.catalina.core.StandardServer.initInternal(StandardServer.java:781)
	at org.apache.catalina.util.LifecycleBase.init(LifecycleBase.java:102)
	at org.apache.catalina.startup.Catalina.load(Catalina.java:573)
	at org.apache.catalina.startup.Catalina.load(Catalina.java:598)
	at sun.reflect.NativeMethodAccessorImpl.invoke0(Native Method)
	at sun.reflect.NativeMethodAccessorImpl.invoke(NativeMethodAccessorImpl.java:57)
	at sun.reflect.DelegatingMethodAccessorImpl.invoke(DelegatingMethodAccessorImpl.java:43)
	at java.lang.reflect.Method.invoke(Method.java:606)
	at org.apache.catalina.startup.Bootstrap.load(Bootstrap.java:281)
	at org.apache.catalina.startup.Bootstrap.main(Bootstrap.java:449)
Caused by: org.apache.catalina.LifecycleException: Falló la inicialización del manejador de protocolo
	at org.apache.catalina.connector.Connector.initInternal(Connector.java:939)
	at org.apache.catalina.util.LifecycleBase.init(LifecycleBase.java:102)
	... 12 more
Caused by: java.net.BindException: La dirección ya se está usando <null>:8080
	at org.apache.tomcat.util.net.JIoEndpoint.bind(JIoEndpoint.java:382)
	at org.apache.tomcat.util.net.AbstractEndpoint.init(AbstractEndpoint.java:553)
	at org.apache.coyote.AbstractProtocol.init(AbstractProtocol.java:369)
	at org.apache.coyote.http11.AbstractHttp11JsseProtocol.init(AbstractHttp11JsseProtocol.java:119)
	at org.apache.catalina.connector.Connector.initInternal(Connector.java:937)
	... 13 more
Caused by: java.net.BindException: La dirección ya se está usando
	at java.net.PlainSocketImpl.socketBind(Native Method)
	at java.net.AbstractPlainSocketImpl.bind(AbstractPlainSocketImpl.java:376)
	at java.net.ServerSocket.bind(ServerSocket.java:376)
	at java.net.ServerSocket.<init>(ServerSocket.java:237)
	at java.net.ServerSocket.<init>(ServerSocket.java:181)
	at org.apache.tomcat.util.net.DefaultServerSocketFactory.createSocket(DefaultServerSocketFactory.java:49)
	at org.apache.tomcat.util.net.JIoEndpoint.bind(JIoEndpoint.java:369)
	... 17 more

dic 02, 2013 9:05:58 AM org.apache.coyote.AbstractProtocol init
Información: Initializing ProtocolHandler ["ajp-bio-8009"]
dic 02, 2013 9:05:58 AM org.apache.coyote.AbstractProtocol init
Grave: Failed to initialize end point associated with ProtocolHandler ["ajp-bio-8009"]
java.net.BindException: La dirección ya se está usando <null>:8009
	at org.apache.tomcat.util.net.JIoEndpoint.bind(JIoEndpoint.java:382)
	at org.apache.tomcat.util.net.AbstractEndpoint.init(AbstractEndpoint.java:553)
	at org.apache.coyote.AbstractProtocol.init(AbstractProtocol.java:369)
	at org.apache.catalina.connector.Connector.initInternal(Connector.java:937)
	at org.apache.catalina.util.LifecycleBase.init(LifecycleBase.java:102)
	at org.apache.catalina.core.StandardService.initInternal(StandardService.java:559)
	at org.apache.catalina.util.LifecycleBase.init(LifecycleBase.java:102)
	at org.apache.catalina.core.StandardServer.initInternal(StandardServer.java:781)
	at org.apache.catalina.util.LifecycleBase.init(LifecycleBase.java:102)
	at org.apache.catalina.startup.Catalina.load(Catalina.java:573)
	at org.apache.catalina.startup.Catalina.load(Catalina.java:598)
	at sun.reflect.NativeMethodAccessorImpl.invoke0(Native Method)
	at sun.reflect.NativeMethodAccessorImpl.invoke(NativeMethodAccessorImpl.java:57)
	at sun.reflect.DelegatingMethodAccessorImpl.invoke(DelegatingMethodAccessorImpl.java:43)
	at java.lang.reflect.Method.invoke(Method.java:606)
	at org.apache.catalina.startup.Bootstrap.load(Bootstrap.java:281)
	at org.apache.catalina.startup.Bootstrap.main(Bootstrap.java:449)
Caused by: java.net.BindException: La dirección ya se está usando
	at java.net.PlainSocketImpl.socketBind(Native Method)
	at java.net.AbstractPlainSocketImpl.bind(AbstractPlainSocketImpl.java:376)
	at java.net.ServerSocket.bind(ServerSocket.java:376)
	at java.net.ServerSocket.<init>(ServerSocket.java:237)
	at java.net.ServerSocket.<init>(ServerSocket.java:181)
	at org.apache.tomcat.util.net.DefaultServerSocketFactory.createSocket(DefaultServerSocketFactory.java:49)
	at org.apache.tomcat.util.net.JIoEndpoint.bind(JIoEndpoint.java:369)
	... 16 more

dic 02, 2013 9:05:58 AM org.apache.catalina.core.StandardService initInternal
Grave: No pude inicializar el conector [Connector[AJP/1.3-8009]]
org.apache.catalina.LifecycleException: Failed to initialize component [Connector[AJP/1.3-8009]]
	at org.apache.catalina.util.LifecycleBase.init(LifecycleBase.java:106)
	at org.apache.catalina.core.StandardService.initInternal(StandardService.java:559)
	at org.apache.catalina.util.LifecycleBase.init(LifecycleBase.java:102)
	at org.apache.catalina.core.StandardServer.initInternal(StandardServer.java:781)
	at org.apache.catalina.util.LifecycleBase.init(LifecycleBase.java:102)
	at org.apache.catalina.startup.Catalina.load(Catalina.java:573)
	at org.apache.catalina.startup.Catalina.load(Catalina.java:598)
	at sun.reflect.NativeMethodAccessorImpl.invoke0(Native Method)
	at sun.reflect.NativeMethodAccessorImpl.invoke(NativeMethodAccessorImpl.java:57)
	at sun.reflect.DelegatingMethodAccessorImpl.invoke(DelegatingMethodAccessorImpl.java:43)
	at java.lang.reflect.Method.invoke(Method.java:606)
	at org.apache.catalina.startup.Bootstrap.load(Bootstrap.java:281)
	at org.apache.catalina.startup.Bootstrap.main(Bootstrap.java:449)
Caused by: org.apache.catalina.LifecycleException: Falló la inicialización del manejador de protocolo
	at org.apache.catalina.connector.Connector.initInternal(Connector.java:939)
	at org.apache.catalina.util.LifecycleBase.init(LifecycleBase.java:102)
	... 12 more
Caused by: java.net.BindException: La dirección ya se está usando <null>:8009
	at org.apache.tomcat.util.net.JIoEndpoint.bind(JIoEndpoint.java:382)
	at org.apache.tomcat.util.net.AbstractEndpoint.init(AbstractEndpoint.java:553)
	at org.apache.coyote.AbstractProtocol.init(AbstractProtocol.java:369)
	at org.apache.catalina.connector.Connector.initInternal(Connector.java:937)
	... 13 more
Caused by: java.net.BindException: La dirección ya se está usando
	at java.net.PlainSocketImpl.socketBind(Native Method)
	at java.net.AbstractPlainSocketImpl.bind(AbstractPlainSocketImpl.java:376)
	at java.net.ServerSocket.bind(ServerSocket.java:376)
	at java.net.ServerSocket.<init>(ServerSocket.java:237)
	at java.net.ServerSocket.<init>(ServerSocket.java:181)
	at org.apache.tomcat.util.net.DefaultServerSocketFactory.createSocket(DefaultServerSocketFactory.java:49)
	at org.apache.tomcat.util.net.JIoEndpoint.bind(JIoEndpoint.java:369)
	... 16 more

dic 02, 2013 9:05:58 AM org.apache.catalina.startup.Catalina load
Información: Initialization processed in 564 ms
dic 02, 2013 9:05:58 AM org.apache.catalina.core.StandardService startInternal
Información: Arrancando servicio Catalina
dic 02, 2013 9:05:58 AM org.apache.catalina.core.StandardEngine startInternal
Información: Starting Servlet Engine: Apache Tomcat/7.0.23
dic 02, 2013 9:05:58 AM org.apache.catalina.startup.HostConfig deployDirectory
Información: Despliegue del directorio /home/fernando/Documentos/DAM/Segundo/2dam/AD/apache-tomcat-7.0.23/webapps/ROOT de la aplicación web
dic 02, 2013 9:05:59 AM org.apache.catalina.util.SessionIdGenerator createSecureRandom
Información: Creation of SecureRandom instance for session ID generation using [SHA1PRNG] took [494] milliseconds.
dic 02, 2013 9:05:59 AM org.apache.catalina.startup.HostConfig deployDirectory
Información: Despliegue del directorio /home/fernando/Documentos/DAM/Segundo/2dam/AD/apache-tomcat-7.0.23/webapps/ejemploMVC de la aplicación web
dic 02, 2013 9:05:59 AM org.apache.catalina.startup.HostConfig deployDirectory
Información: Despliegue del directorio /home/fernando/Documentos/DAM/Segundo/2dam/AD/apache-tomcat-7.0.23/webapps/manager de la aplicación web
dic 02, 2013 9:05:59 AM org.apache.catalina.startup.HostConfig deployDirectory
Información: Despliegue del directorio /home/fernando/Documentos/DAM/Segundo/2dam/AD/apache-tomcat-7.0.23/webapps/examples de la aplicación web
dic 02, 2013 9:05:59 AM org.apache.catalina.startup.HostConfig deployDirectory
Información: Despliegue del directorio /home/fernando/Documentos/DAM/Segundo/2dam/AD/apache-tomcat-7.0.23/webapps/docs de la aplicación web
dic 02, 2013 9:05:59 AM org.apache.catalina.startup.HostConfig deployDirectory
Información: Despliegue del directorio /home/fernando/Documentos/DAM/Segundo/2dam/AD/apache-tomcat-7.0.23/webapps/host-manager de la aplicación web
dic 02, 2013 9:05:59 AM org.apache.catalina.startup.Catalina start
Información: Server startup in 1265 ms
dic 02, 2013 9:05:59 AM org.apache.catalina.core.StandardServer await
Grave: StandardServer.await: create[localhost:8005]: 
java.net.BindException: La dirección ya se está usando
	at java.net.PlainSocketImpl.socketBind(Native Method)
	at java.net.AbstractPlainSocketImpl.bind(AbstractPlainSocketImpl.java:376)
	at java.net.ServerSocket.bind(ServerSocket.java:376)
	at java.net.ServerSocket.<init>(ServerSocket.java:237)
	at org.apache.catalina.core.StandardServer.await(StandardServer.java:422)
	at org.apache.catalina.startup.Catalina.await(Catalina.java:706)
	at org.apache.catalina.startup.Catalina.start(Catalina.java:652)
	at sun.reflect.NativeMethodAccessorImpl.invoke0(Native Method)
	at sun.reflect.NativeMethodAccessorImpl.invoke(NativeMethodAccessorImpl.java:57)
	at sun.reflect.DelegatingMethodAccessorImpl.invoke(DelegatingMethodAccessorImpl.java:43)
	at java.lang.reflect.Method.invoke(Method.java:606)
	at org.apache.catalina.startup.Bootstrap.start(Bootstrap.java:322)
	at org.apache.catalina.startup.Bootstrap.main(Bootstrap.java:450)

dic 02, 2013 9:05:59 AM org.apache.coyote.AbstractProtocol pause
Información: Pausing ProtocolHandler ["http-bio-8080"]
dic 02, 2013 9:05:59 AM org.apache.coyote.AbstractProtocol pause
Información: Pausing ProtocolHandler ["ajp-bio-8009"]
dic 02, 2013 9:05:59 AM org.apache.catalina.core.StandardService stopInternal
Información: Parando servicio Catalina
dic 02, 2013 9:05:59 AM org.apache.coyote.AbstractProtocol stop
Información: Stopping ProtocolHandler ["http-bio-8080"]
dic 02, 2013 9:05:59 AM org.apache.coyote.AbstractProtocol destroy
Información: Destroying ProtocolHandler ["http-bio-8080"]
dic 02, 2013 9:05:59 AM org.apache.coyote.AbstractProtocol stop
Información: Stopping ProtocolHandler ["ajp-bio-8009"]
dic 02, 2013 9:05:59 AM org.apache.coyote.AbstractProtocol destroy
Información: Destroying ProtocolHandler ["ajp-bio-8009"]
dic 02, 2013 9:06:02 AM org.apache.catalina.core.AprLifecycleListener init
Información: La biblioteca nativa de Apache Tomcat basada en ARP que permite un rendimiento óptimo en entornos de desarrollo no ha sido hallada en java.library.path: /usr/java/packages/lib/amd64:/usr/lib64:/lib64:/lib:/usr/lib
dic 02, 2013 9:06:03 AM org.apache.coyote.AbstractProtocol init
Información: Initializing ProtocolHandler ["http-bio-8080"]
dic 02, 2013 9:06:03 AM org.apache.coyote.AbstractProtocol init
Grave: Failed to initialize end point associated with ProtocolHandler ["http-bio-8080"]
java.net.BindException: La dirección ya se está usando <null>:8080
	at org.apache.tomcat.util.net.JIoEndpoint.bind(JIoEndpoint.java:382)
	at org.apache.tomcat.util.net.AbstractEndpoint.init(AbstractEndpoint.java:553)
	at org.apache.coyote.AbstractProtocol.init(AbstractProtocol.java:369)
	at org.apache.coyote.http11.AbstractHttp11JsseProtocol.init(AbstractHttp11JsseProtocol.java:119)
	at org.apache.catalina.connector.Connector.initInternal(Connector.java:937)
	at org.apache.catalina.util.LifecycleBase.init(LifecycleBase.java:102)
	at org.apache.catalina.core.StandardService.initInternal(StandardService.java:559)
	at org.apache.catalina.util.LifecycleBase.init(LifecycleBase.java:102)
	at org.apache.catalina.core.StandardServer.initInternal(StandardServer.java:781)
	at org.apache.catalina.util.LifecycleBase.init(LifecycleBase.java:102)
	at org.apache.catalina.startup.Catalina.load(Catalina.java:573)
	at org.apache.catalina.startup.Catalina.start(Catalina.java:612)
	at sun.reflect.NativeMethodAccessorImpl.invoke0(Native Method)
	at sun.reflect.NativeMethodAccessorImpl.invoke(NativeMethodAccessorImpl.java:57)
	at sun.reflect.DelegatingMethodAccessorImpl.invoke(DelegatingMethodAccessorImpl.java:43)
	at java.lang.reflect.Method.invoke(Method.java:606)
	at org.apache.catalina.startup.Bootstrap.start(Bootstrap.java:322)
	at org.apache.catalina.startup.Bootstrap.main(Bootstrap.java:450)
Caused by: java.net.BindException: La dirección ya se está usando
	at java.net.PlainSocketImpl.socketBind(Native Method)
	at java.net.AbstractPlainSocketImpl.bind(AbstractPlainSocketImpl.java:376)
	at java.net.ServerSocket.bind(ServerSocket.java:376)
	at java.net.ServerSocket.<init>(ServerSocket.java:237)
	at java.net.ServerSocket.<init>(ServerSocket.java:181)
	at org.apache.tomcat.util.net.DefaultServerSocketFactory.createSocket(DefaultServerSocketFactory.java:49)
	at org.apache.tomcat.util.net.JIoEndpoint.bind(JIoEndpoint.java:369)
	... 17 more

dic 02, 2013 9:06:03 AM org.apache.catalina.core.StandardService initInternal
Grave: No pude inicializar el conector [Connector[HTTP/1.1-8080]]
org.apache.catalina.LifecycleException: Failed to initialize component [Connector[HTTP/1.1-8080]]
	at org.apache.catalina.util.LifecycleBase.init(LifecycleBase.java:106)
	at org.apache.catalina.core.StandardService.initInternal(StandardService.java:559)
	at org.apache.catalina.util.LifecycleBase.init(LifecycleBase.java:102)
	at org.apache.catalina.core.StandardServer.initInternal(StandardServer.java:781)
	at org.apache.catalina.util.LifecycleBase.init(LifecycleBase.java:102)
	at org.apache.catalina.startup.Catalina.load(Catalina.java:573)
	at org.apache.catalina.startup.Catalina.start(Catalina.java:612)
	at sun.reflect.NativeMethodAccessorImpl.invoke0(Native Method)
	at sun.reflect.NativeMethodAccessorImpl.invoke(NativeMethodAccessorImpl.java:57)
	at sun.reflect.DelegatingMethodAccessorImpl.invoke(DelegatingMethodAccessorImpl.java:43)
	at java.lang.reflect.Method.invoke(Method.java:606)
	at org.apache.catalina.startup.Bootstrap.start(Bootstrap.java:322)
	at org.apache.catalina.startup.Bootstrap.main(Bootstrap.java:450)
Caused by: org.apache.catalina.LifecycleException: Falló la inicialización del manejador de protocolo
	at org.apache.catalina.connector.Connector.initInternal(Connector.java:939)
	at org.apache.catalina.util.LifecycleBase.init(LifecycleBase.java:102)
	... 12 more
Caused by: java.net.BindException: La dirección ya se está usando <null>:8080
	at org.apache.tomcat.util.net.JIoEndpoint.bind(JIoEndpoint.java:382)
	at org.apache.tomcat.util.net.AbstractEndpoint.init(AbstractEndpoint.java:553)
	at org.apache.coyote.AbstractProtocol.init(AbstractProtocol.java:369)
	at org.apache.coyote.http11.AbstractHttp11JsseProtocol.init(AbstractHttp11JsseProtocol.java:119)
	at org.apache.catalina.connector.Connector.initInternal(Connector.java:937)
	... 13 more
Caused by: java.net.BindException: La dirección ya se está usando
	at java.net.PlainSocketImpl.socketBind(Native Method)
	at java.net.AbstractPlainSocketImpl.bind(AbstractPlainSocketImpl.java:376)
	at java.net.ServerSocket.bind(ServerSocket.java:376)
	at java.net.ServerSocket.<init>(ServerSocket.java:237)
	at java.net.ServerSocket.<init>(ServerSocket.java:181)
	at org.apache.tomcat.util.net.DefaultServerSocketFactory.createSocket(DefaultServerSocketFactory.java:49)
	at org.apache.tomcat.util.net.JIoEndpoint.bind(JIoEndpoint.java:369)
	... 17 more

dic 02, 2013 9:06:03 AM org.apache.coyote.AbstractProtocol init
Información: Initializing ProtocolHandler ["ajp-bio-8009"]
dic 02, 2013 9:06:03 AM org.apache.coyote.AbstractProtocol init
Grave: Failed to initialize end point associated with ProtocolHandler ["ajp-bio-8009"]
java.net.BindException: La dirección ya se está usando <null>:8009
	at org.apache.tomcat.util.net.JIoEndpoint.bind(JIoEndpoint.java:382)
	at org.apache.tomcat.util.net.AbstractEndpoint.init(AbstractEndpoint.java:553)
	at org.apache.coyote.AbstractProtocol.init(AbstractProtocol.java:369)
	at org.apache.catalina.connector.Connector.initInternal(Connector.java:937)
	at org.apache.catalina.util.LifecycleBase.init(LifecycleBase.java:102)
	at org.apache.catalina.core.StandardService.initInternal(StandardService.java:559)
	at org.apache.catalina.util.LifecycleBase.init(LifecycleBase.java:102)
	at org.apache.catalina.core.StandardServer.initInternal(StandardServer.java:781)
	at org.apache.catalina.util.LifecycleBase.init(LifecycleBase.java:102)
	at org.apache.catalina.startup.Catalina.load(Catalina.java:573)
	at org.apache.catalina.startup.Catalina.start(Catalina.java:612)
	at sun.reflect.NativeMethodAccessorImpl.invoke0(Native Method)
	at sun.reflect.NativeMethodAccessorImpl.invoke(NativeMethodAccessorImpl.java:57)
	at sun.reflect.DelegatingMethodAccessorImpl.invoke(DelegatingMethodAccessorImpl.java:43)
	at java.lang.reflect.Method.invoke(Method.java:606)
	at org.apache.catalina.startup.Bootstrap.start(Bootstrap.java:322)
	at org.apache.catalina.startup.Bootstrap.main(Bootstrap.java:450)
Caused by: java.net.BindException: La dirección ya se está usando
	at java.net.PlainSocketImpl.socketBind(Native Method)
	at java.net.AbstractPlainSocketImpl.bind(AbstractPlainSocketImpl.java:376)
	at java.net.ServerSocket.bind(ServerSocket.java:376)
	at java.net.ServerSocket.<init>(ServerSocket.java:237)
	at java.net.ServerSocket.<init>(ServerSocket.java:181)
	at org.apache.tomcat.util.net.DefaultServerSocketFactory.createSocket(DefaultServerSocketFactory.java:49)
	at org.apache.tomcat.util.net.JIoEndpoint.bind(JIoEndpoint.java:369)
	... 16 more

dic 02, 2013 9:06:03 AM org.apache.catalina.core.StandardService initInternal
Grave: No pude inicializar el conector [Connector[AJP/1.3-8009]]
org.apache.catalina.LifecycleException: Failed to initialize component [Connector[AJP/1.3-8009]]
	at org.apache.catalina.util.LifecycleBase.init(LifecycleBase.java:106)
	at org.apache.catalina.core.StandardService.initInternal(StandardService.java:559)
	at org.apache.catalina.util.LifecycleBase.init(LifecycleBase.java:102)
	at org.apache.catalina.core.StandardServer.initInternal(StandardServer.java:781)
	at org.apache.catalina.util.LifecycleBase.init(LifecycleBase.java:102)
	at org.apache.catalina.startup.Catalina.load(Catalina.java:573)
	at org.apache.catalina.startup.Catalina.start(Catalina.java:612)
	at sun.reflect.NativeMethodAccessorImpl.invoke0(Native Method)
	at sun.reflect.NativeMethodAccessorImpl.invoke(NativeMethodAccessorImpl.java:57)
	at sun.reflect.DelegatingMethodAccessorImpl.invoke(DelegatingMethodAccessorImpl.java:43)
	at java.lang.reflect.Method.invoke(Method.java:606)
	at org.apache.catalina.startup.Bootstrap.start(Bootstrap.java:322)
	at org.apache.catalina.startup.Bootstrap.main(Bootstrap.java:450)
Caused by: org.apache.catalina.LifecycleException: Falló la inicialización del manejador de protocolo
	at org.apache.catalina.connector.Connector.initInternal(Connector.java:939)
	at org.apache.catalina.util.LifecycleBase.init(LifecycleBase.java:102)
	... 12 more
Caused by: java.net.BindException: La dirección ya se está usando <null>:8009
	at org.apache.tomcat.util.net.JIoEndpoint.bind(JIoEndpoint.java:382)
	at org.apache.tomcat.util.net.AbstractEndpoint.init(AbstractEndpoint.java:553)
	at org.apache.coyote.AbstractProtocol.init(AbstractProtocol.java:369)
	at org.apache.catalina.connector.Connector.initInternal(Connector.java:937)
	... 13 more
Caused by: java.net.BindException: La dirección ya se está usando
	at java.net.PlainSocketImpl.socketBind(Native Method)
	at java.net.AbstractPlainSocketImpl.bind(AbstractPlainSocketImpl.java:376)
	at java.net.ServerSocket.bind(ServerSocket.java:376)
	at java.net.ServerSocket.<init>(ServerSocket.java:237)
	at java.net.ServerSocket.<init>(ServerSocket.java:181)
	at org.apache.tomcat.util.net.DefaultServerSocketFactory.createSocket(DefaultServerSocketFactory.java:49)
	at org.apache.tomcat.util.net.JIoEndpoint.bind(JIoEndpoint.java:369)
	... 16 more

dic 02, 2013 9:06:03 AM org.apache.catalina.startup.Catalina load
Información: Initialization processed in 558 ms
dic 02, 2013 9:06:03 AM org.apache.catalina.core.StandardService startInternal
Información: Arrancando servicio Catalina
dic 02, 2013 9:06:03 AM org.apache.catalina.core.StandardEngine startInternal
Información: Starting Servlet Engine: Apache Tomcat/7.0.23
dic 02, 2013 9:06:03 AM org.apache.catalina.startup.HostConfig deployDirectory
Información: Despliegue del directorio /home/fernando/Documentos/DAM/Segundo/2dam/AD/apache-tomcat-7.0.23/webapps/ROOT de la aplicación web
dic 02, 2013 9:06:12 AM org.apache.catalina.core.StandardServer await
Información: Se ha recibido un comando de apagado a través del puerto de apagado. Parando la instancia del Servidor.
dic 02, 2013 9:06:12 AM org.apache.coyote.AbstractProtocol pause
Información: Pausing ProtocolHandler ["http-bio-8080"]
dic 02, 2013 9:06:12 AM org.apache.coyote.AbstractProtocol pause
Información: Pausing ProtocolHandler ["ajp-bio-8009"]
dic 02, 2013 9:06:12 AM org.apache.catalina.core.StandardService stopInternal
Información: Parando servicio Catalina
dic 02, 2013 9:06:12 AM org.apache.catalina.loader.WebappClassLoader clearReferencesJdbc
Grave: La aplicación web [/ejemploMVC] registró el conductor JDBC [com.mysql.jdbc.Driver] pero falló al anular el registro mientras la aplicación web estaba parada. Para prevenir un fallo de memoria, se ha anulado el registro del conductor JDBC por la fuerza.
dic 02, 2013 9:06:12 AM org.apache.coyote.AbstractProtocol stop
Información: Stopping ProtocolHandler ["http-bio-8080"]
dic 02, 2013 9:06:12 AM org.apache.coyote.AbstractProtocol stop
Información: Stopping ProtocolHandler ["ajp-bio-8009"]
dic 02, 2013 9:06:12 AM org.apache.coyote.AbstractProtocol destroy
Información: Destroying ProtocolHandler ["http-bio-8080"]
dic 02, 2013 9:06:12 AM org.apache.coyote.AbstractProtocol destroy
Información: Destroying ProtocolHandler ["ajp-bio-8009"]
dic 02, 2013 9:06:16 AM org.apache.catalina.core.AprLifecycleListener init
Información: La biblioteca nativa de Apache Tomcat basada en ARP que permite un rendimiento óptimo en entornos de desarrollo no ha sido hallada en java.library.path: /usr/java/packages/lib/amd64:/usr/lib64:/lib64:/lib:/usr/lib
dic 02, 2013 9:06:16 AM org.apache.coyote.AbstractProtocol init
Información: Initializing ProtocolHandler ["http-bio-8080"]
dic 02, 2013 9:06:16 AM org.apache.coyote.AbstractProtocol init
Información: Initializing ProtocolHandler ["ajp-bio-8009"]
dic 02, 2013 9:06:16 AM org.apache.catalina.startup.Catalina load
Información: Initialization processed in 539 ms
dic 02, 2013 9:06:16 AM org.apache.catalina.core.StandardService startInternal
Información: Arrancando servicio Catalina
dic 02, 2013 9:06:16 AM org.apache.catalina.core.StandardEngine startInternal
Información: Starting Servlet Engine: Apache Tomcat/7.0.23
dic 02, 2013 9:06:16 AM org.apache.catalina.startup.HostConfig deployDirectory
Información: Despliegue del directorio /home/fernando/Documentos/DAM/Segundo/2dam/AD/apache-tomcat-7.0.23/webapps/ROOT de la aplicación web
dic 02, 2013 9:06:18 AM org.apache.catalina.util.SessionIdGenerator createSecureRandom
Información: Creation of SecureRandom instance for session ID generation using [SHA1PRNG] took [15.019] milliseconds.
dic 02, 2013 9:06:18 AM org.apache.catalina.startup.HostConfig deployDirectory
Información: Despliegue del directorio /home/fernando/Documentos/DAM/Segundo/2dam/AD/apache-tomcat-7.0.23/webapps/ejemploMVC de la aplicación web
dic 02, 2013 9:06:18 AM org.apache.catalina.startup.HostConfig deployDirectory
Información: Despliegue del directorio /home/fernando/Documentos/DAM/Segundo/2dam/AD/apache-tomcat-7.0.23/webapps/manager de la aplicación web
dic 02, 2013 9:06:18 AM org.apache.catalina.startup.HostConfig deployDirectory
Información: Despliegue del directorio /home/fernando/Documentos/DAM/Segundo/2dam/AD/apache-tomcat-7.0.23/webapps/examples de la aplicación web
dic 02, 2013 9:06:18 AM org.apache.catalina.startup.HostConfig deployDirectory
Información: Despliegue del directorio /home/fernando/Documentos/DAM/Segundo/2dam/AD/apache-tomcat-7.0.23/webapps/docs de la aplicación web
dic 02, 2013 9:06:18 AM org.apache.catalina.startup.HostConfig deployDirectory
Información: Despliegue del directorio /home/fernando/Documentos/DAM/Segundo/2dam/AD/apache-tomcat-7.0.23/webapps/host-manager de la aplicación web
dic 02, 2013 9:06:18 AM org.apache.catalina.startup.Catalina start
Información: Server startup in 15824 ms
dic 02, 2013 9:06:31 AM org.apache.catalina.util.SessionIdGenerator createSecureRandom
Información: Creation of SecureRandom instance for session ID generation using [SHA1PRNG] took [15.015] milliseconds.
dic 02, 2013 9:06:31 AM org.apache.catalina.startup.HostConfig deployDirectory
Información: Despliegue del directorio /home/fernando/Documentos/DAM/Segundo/2dam/AD/apache-tomcat-7.0.23/webapps/ejemploMVC de la aplicación web
dic 02, 2013 9:06:31 AM org.apache.catalina.startup.HostConfig deployDirectory
Información: Despliegue del directorio /home/fernando/Documentos/DAM/Segundo/2dam/AD/apache-tomcat-7.0.23/webapps/manager de la aplicación web
dic 02, 2013 9:06:31 AM org.apache.catalina.startup.HostConfig deployDirectory
Información: Despliegue del directorio /home/fernando/Documentos/DAM/Segundo/2dam/AD/apache-tomcat-7.0.23/webapps/examples de la aplicación web
dic 02, 2013 9:06:32 AM org.apache.catalina.startup.HostConfig deployDirectory
Información: Despliegue del directorio /home/fernando/Documentos/DAM/Segundo/2dam/AD/apache-tomcat-7.0.23/webapps/docs de la aplicación web
dic 02, 2013 9:06:32 AM org.apache.catalina.startup.HostConfig deployDirectory
Información: Despliegue del directorio /home/fernando/Documentos/DAM/Segundo/2dam/AD/apache-tomcat-7.0.23/webapps/host-manager de la aplicación web
dic 02, 2013 9:06:32 AM org.apache.coyote.AbstractProtocol start
Información: Starting ProtocolHandler ["http-bio-8080"]
dic 02, 2013 9:06:32 AM org.apache.coyote.AbstractProtocol start
Información: Starting ProtocolHandler ["ajp-bio-8009"]
dic 02, 2013 9:06:32 AM org.apache.catalina.startup.Catalina start
Información: Server startup in 15747 ms
dic 02, 2013 9:06:32 AM org.apache.catalina.core.StandardServer await
Grave: StandardServer.await: create[localhost:8005]: 
java.net.BindException: La dirección ya se está usando
	at java.net.PlainSocketImpl.socketBind(Native Method)
	at java.net.AbstractPlainSocketImpl.bind(AbstractPlainSocketImpl.java:376)
	at java.net.ServerSocket.bind(ServerSocket.java:376)
	at java.net.ServerSocket.<init>(ServerSocket.java:237)
	at org.apache.catalina.core.StandardServer.await(StandardServer.java:422)
	at org.apache.catalina.startup.Catalina.await(Catalina.java:706)
	at org.apache.catalina.startup.Catalina.start(Catalina.java:652)
	at sun.reflect.NativeMethodAccessorImpl.invoke0(Native Method)
	at sun.reflect.NativeMethodAccessorImpl.invoke(NativeMethodAccessorImpl.java:57)
	at sun.reflect.DelegatingMethodAccessorImpl.invoke(DelegatingMethodAccessorImpl.java:43)
	at java.lang.reflect.Method.invoke(Method.java:606)
	at org.apache.catalina.startup.Bootstrap.start(Bootstrap.java:322)
	at org.apache.catalina.startup.Bootstrap.main(Bootstrap.java:450)

dic 02, 2013 9:06:32 AM org.apache.coyote.AbstractProtocol pause
Información: Pausing ProtocolHandler ["http-bio-8080"]
dic 02, 2013 9:06:32 AM org.apache.coyote.AbstractProtocol pause
Información: Pausing ProtocolHandler ["ajp-bio-8009"]
dic 02, 2013 9:06:32 AM org.apache.catalina.core.StandardService stopInternal
Información: Parando servicio Catalina
dic 02, 2013 9:06:32 AM org.apache.coyote.AbstractProtocol stop
Información: Stopping ProtocolHandler ["http-bio-8080"]
dic 02, 2013 9:06:32 AM org.apache.coyote.AbstractProtocol stop
Información: Stopping ProtocolHandler ["ajp-bio-8009"]
dic 02, 2013 9:06:32 AM org.apache.coyote.AbstractProtocol destroy
Información: Destroying ProtocolHandler ["http-bio-8080"]
dic 02, 2013 9:06:32 AM org.apache.coyote.AbstractProtocol destroy
Información: Destroying ProtocolHandler ["ajp-bio-8009"]
dic 02, 2013 9:06:42 AM org.apache.catalina.core.AprLifecycleListener init
Información: La biblioteca nativa de Apache Tomcat basada en ARP que permite un rendimiento óptimo en entornos de desarrollo no ha sido hallada en java.library.path: /usr/java/packages/lib/amd64:/usr/lib64:/lib64:/lib:/usr/lib
dic 02, 2013 9:06:42 AM org.apache.coyote.AbstractProtocol init
Información: Initializing ProtocolHandler ["http-bio-8080"]
dic 02, 2013 9:06:42 AM org.apache.coyote.AbstractProtocol init
Información: Initializing ProtocolHandler ["ajp-bio-8009"]
dic 02, 2013 9:06:42 AM org.apache.catalina.startup.Catalina load
Información: Initialization processed in 592 ms
dic 02, 2013 9:06:42 AM org.apache.catalina.core.StandardService startInternal
Información: Arrancando servicio Catalina
dic 02, 2013 9:06:42 AM org.apache.catalina.core.StandardEngine startInternal
Información: Starting Servlet Engine: Apache Tomcat/7.0.23
dic 02, 2013 9:06:42 AM org.apache.catalina.startup.HostConfig deployDirectory
Información: Despliegue del directorio /home/fernando/Documentos/DAM/Segundo/2dam/AD/apache-tomcat-7.0.23/webapps/ROOT de la aplicación web
dic 02, 2013 9:06:45 AM org.apache.catalina.util.SessionIdGenerator createSecureRandom
Información: Creation of SecureRandom instance for session ID generation using [SHA1PRNG] took [2.420] milliseconds.
dic 02, 2013 9:06:45 AM org.apache.catalina.startup.HostConfig deployDirectory
Información: Despliegue del directorio /home/fernando/Documentos/DAM/Segundo/2dam/AD/apache-tomcat-7.0.23/webapps/ejemploMVC de la aplicación web
dic 02, 2013 9:06:45 AM org.apache.catalina.startup.HostConfig deployDirectory
Información: Despliegue del directorio /home/fernando/Documentos/DAM/Segundo/2dam/AD/apache-tomcat-7.0.23/webapps/manager de la aplicación web
dic 02, 2013 9:06:45 AM org.apache.catalina.startup.HostConfig deployDirectory
Información: Despliegue del directorio /home/fernando/Documentos/DAM/Segundo/2dam/AD/apache-tomcat-7.0.23/webapps/examples de la aplicación web
dic 02, 2013 9:06:45 AM org.apache.catalina.startup.HostConfig deployDirectory
Información: Despliegue del directorio /home/fernando/Documentos/DAM/Segundo/2dam/AD/apache-tomcat-7.0.23/webapps/docs de la aplicación web
dic 02, 2013 9:06:45 AM org.apache.catalina.startup.HostConfig deployDirectory
Información: Despliegue del directorio /home/fernando/Documentos/DAM/Segundo/2dam/AD/apache-tomcat-7.0.23/webapps/host-manager de la aplicación web
dic 02, 2013 9:06:45 AM org.apache.coyote.AbstractProtocol start
Información: Starting ProtocolHandler ["http-bio-8080"]
dic 02, 2013 9:06:45 AM org.apache.coyote.AbstractProtocol start
Información: Starting ProtocolHandler ["ajp-bio-8009"]
dic 02, 2013 9:06:45 AM org.apache.catalina.startup.Catalina start
Información: Server startup in 3262 ms
dic 02, 2013 9:06:45 AM org.apache.catalina.core.StandardServer await
Grave: StandardServer.await: create[localhost:8005]: 
java.net.BindException: La dirección ya se está usando
	at java.net.PlainSocketImpl.socketBind(Native Method)
	at java.net.AbstractPlainSocketImpl.bind(AbstractPlainSocketImpl.java:376)
	at java.net.ServerSocket.bind(ServerSocket.java:376)
	at java.net.ServerSocket.<init>(ServerSocket.java:237)
	at org.apache.catalina.core.StandardServer.await(StandardServer.java:422)
	at org.apache.catalina.startup.Catalina.await(Catalina.java:706)
	at org.apache.catalina.startup.Catalina.start(Catalina.java:652)
	at sun.reflect.NativeMethodAccessorImpl.invoke0(Native Method)
	at sun.reflect.NativeMethodAccessorImpl.invoke(NativeMethodAccessorImpl.java:57)
	at sun.reflect.DelegatingMethodAccessorImpl.invoke(DelegatingMethodAccessorImpl.java:43)
	at java.lang.reflect.Method.invoke(Method.java:606)
	at org.apache.catalina.startup.Bootstrap.start(Bootstrap.java:322)
	at org.apache.catalina.startup.Bootstrap.main(Bootstrap.java:450)

dic 02, 2013 9:06:45 AM org.apache.coyote.AbstractProtocol pause
Información: Pausing ProtocolHandler ["http-bio-8080"]
dic 02, 2013 9:06:46 AM org.apache.coyote.AbstractProtocol pause
Información: Pausing ProtocolHandler ["ajp-bio-8009"]
dic 02, 2013 9:06:46 AM org.apache.catalina.core.StandardService stopInternal
Información: Parando servicio Catalina
dic 02, 2013 9:06:46 AM org.apache.coyote.AbstractProtocol stop
Información: Stopping ProtocolHandler ["http-bio-8080"]
dic 02, 2013 9:06:46 AM org.apache.coyote.AbstractProtocol stop
Información: Stopping ProtocolHandler ["ajp-bio-8009"]
dic 02, 2013 9:06:46 AM org.apache.coyote.AbstractProtocol destroy
Información: Destroying ProtocolHandler ["http-bio-8080"]
dic 02, 2013 9:06:46 AM org.apache.coyote.AbstractProtocol destroy
Información: Destroying ProtocolHandler ["ajp-bio-8009"]
dic 02, 2013 9:08:15 AM org.apache.catalina.core.StandardServer await
Información: Se ha recibido un comando de apagado a través del puerto de apagado. Parando la instancia del Servidor.
dic 02, 2013 9:08:15 AM org.apache.coyote.AbstractProtocol pause
Información: Pausing ProtocolHandler ["http-bio-8080"]
dic 02, 2013 9:08:15 AM org.apache.coyote.AbstractProtocol pause
Información: Pausing ProtocolHandler ["ajp-bio-8009"]
dic 02, 2013 9:08:15 AM org.apache.catalina.core.StandardService stopInternal
Información: Parando servicio Catalina
dic 02, 2013 9:08:15 AM org.apache.coyote.AbstractProtocol stop
Información: Stopping ProtocolHandler ["http-bio-8080"]
dic 02, 2013 9:08:15 AM org.apache.coyote.AbstractProtocol destroy
Información: Destroying ProtocolHandler ["http-bio-8080"]
dic 02, 2013 9:08:15 AM org.apache.coyote.AbstractProtocol stop
Información: Stopping ProtocolHandler ["ajp-bio-8009"]
dic 02, 2013 9:08:15 AM org.apache.coyote.AbstractProtocol destroy
Información: Destroying ProtocolHandler ["ajp-bio-8009"]
dic 02, 2013 9:08:18 AM org.apache.catalina.core.AprLifecycleListener init
Información: La biblioteca nativa de Apache Tomcat basada en ARP que permite un rendimiento óptimo en entornos de desarrollo no ha sido hallada en java.library.path: /usr/java/packages/lib/amd64:/usr/lib64:/lib64:/lib:/usr/lib
dic 02, 2013 9:08:18 AM org.apache.coyote.AbstractProtocol init
Información: Initializing ProtocolHandler ["http-bio-8080"]
dic 02, 2013 9:08:18 AM org.apache.coyote.AbstractProtocol init
Información: Initializing ProtocolHandler ["ajp-bio-8009"]
dic 02, 2013 9:08:18 AM org.apache.catalina.startup.Catalina load
Información: Initialization processed in 597 ms
dic 02, 2013 9:08:18 AM org.apache.catalina.core.StandardService startInternal
Información: Arrancando servicio Catalina
dic 02, 2013 9:08:18 AM org.apache.catalina.core.StandardEngine startInternal
Información: Starting Servlet Engine: Apache Tomcat/7.0.23
dic 02, 2013 9:08:18 AM org.apache.catalina.startup.HostConfig deployDirectory
Información: Despliegue del directorio /home/fernando/Documentos/DAM/Segundo/2dam/AD/apache-tomcat-7.0.23/webapps/ROOT de la aplicación web
dic 02, 2013 9:08:24 AM org.apache.catalina.util.SessionIdGenerator createSecureRandom
Información: Creation of SecureRandom instance for session ID generation using [SHA1PRNG] took [5.781] milliseconds.
dic 02, 2013 9:08:24 AM org.apache.catalina.startup.HostConfig deployDirectory
Información: Despliegue del directorio /home/fernando/Documentos/DAM/Segundo/2dam/AD/apache-tomcat-7.0.23/webapps/ejemploMVC de la aplicación web
dic 02, 2013 9:08:25 AM org.apache.catalina.startup.HostConfig deployDirectory
Información: Despliegue del directorio /home/fernando/Documentos/DAM/Segundo/2dam/AD/apache-tomcat-7.0.23/webapps/manager de la aplicación web
dic 02, 2013 9:08:25 AM org.apache.catalina.startup.HostConfig deployDirectory
Información: Despliegue del directorio /home/fernando/Documentos/DAM/Segundo/2dam/AD/apache-tomcat-7.0.23/webapps/examples de la aplicación web
dic 02, 2013 9:08:25 AM org.apache.catalina.startup.HostConfig deployDirectory
Información: Despliegue del directorio /home/fernando/Documentos/DAM/Segundo/2dam/AD/apache-tomcat-7.0.23/webapps/docs de la aplicación web
dic 02, 2013 9:08:25 AM org.apache.catalina.startup.HostConfig deployDirectory
Información: Despliegue del directorio /home/fernando/Documentos/DAM/Segundo/2dam/AD/apache-tomcat-7.0.23/webapps/host-manager de la aplicación web
dic 02, 2013 9:08:25 AM org.apache.coyote.AbstractProtocol start
Información: Starting ProtocolHandler ["http-bio-8080"]
dic 02, 2013 9:08:25 AM org.apache.coyote.AbstractProtocol start
Información: Starting ProtocolHandler ["ajp-bio-8009"]
dic 02, 2013 9:08:25 AM org.apache.catalina.startup.Catalina start
Información: Server startup in 6567 ms
dic 02, 2013 9:08:37 AM org.apache.catalina.core.StandardContext reload
Información: Ha comenzado la recarga de Contexto [/ejemploMVC]
dic 02, 2013 9:08:37 AM org.apache.catalina.core.StandardContext reload
Información: Se ha completado la Regarga de este Contexto
dic 02, 2013 9:18:09 AM org.apache.catalina.core.StandardServer await
Información: Se ha recibido un comando de apagado a través del puerto de apagado. Parando la instancia del Servidor.
dic 02, 2013 9:18:09 AM org.apache.coyote.AbstractProtocol pause
Información: Pausing ProtocolHandler ["http-bio-8080"]
dic 02, 2013 9:18:09 AM org.apache.coyote.AbstractProtocol pause
Información: Pausing ProtocolHandler ["ajp-bio-8009"]
dic 02, 2013 9:18:09 AM org.apache.catalina.core.StandardService stopInternal
Información: Parando servicio Catalina
dic 02, 2013 9:18:09 AM org.apache.catalina.loader.WebappClassLoader clearReferencesJdbc
Grave: La aplicación web [/ejemploMVC] registró el conductor JDBC [com.mysql.jdbc.Driver] pero falló al anular el registro mientras la aplicación web estaba parada. Para prevenir un fallo de memoria, se ha anulado el registro del conductor JDBC por la fuerza.
dic 02, 2013 9:18:09 AM org.apache.coyote.AbstractProtocol stop
Información: Stopping ProtocolHandler ["http-bio-8080"]
dic 02, 2013 9:18:09 AM org.apache.coyote.AbstractProtocol stop
Información: Stopping ProtocolHandler ["ajp-bio-8009"]
dic 02, 2013 9:18:09 AM org.apache.coyote.AbstractProtocol destroy
Información: Destroying ProtocolHandler ["http-bio-8080"]
dic 02, 2013 9:18:09 AM org.apache.coyote.AbstractProtocol destroy
Información: Destroying ProtocolHandler ["ajp-bio-8009"]
dic 02, 2013 9:18:12 AM org.apache.catalina.core.AprLifecycleListener init
Información: La biblioteca nativa de Apache Tomcat basada en ARP que permite un rendimiento óptimo en entornos de desarrollo no ha sido hallada en java.library.path: /usr/java/packages/lib/amd64:/usr/lib64:/lib64:/lib:/usr/lib
dic 02, 2013 9:18:12 AM org.apache.coyote.AbstractProtocol init
Información: Initializing ProtocolHandler ["http-bio-8080"]
dic 02, 2013 9:18:12 AM org.apache.coyote.AbstractProtocol init
Información: Initializing ProtocolHandler ["ajp-bio-8009"]
dic 02, 2013 9:18:12 AM org.apache.catalina.startup.Catalina load
Información: Initialization processed in 639 ms
dic 02, 2013 9:18:12 AM org.apache.catalina.core.StandardService startInternal
Información: Arrancando servicio Catalina
dic 02, 2013 9:18:12 AM org.apache.catalina.core.StandardEngine startInternal
Información: Starting Servlet Engine: Apache Tomcat/7.0.23
dic 02, 2013 9:18:12 AM org.apache.catalina.startup.HostConfig deployDirectory
Información: Despliegue del directorio /home/fernando/Documentos/DAM/Segundo/2dam/AD/apache-tomcat-7.0.23/webapps/ROOT de la aplicación web
dic 02, 2013 9:18:22 AM org.apache.catalina.util.SessionIdGenerator createSecureRandom
Información: Creation of SecureRandom instance for session ID generation using [SHA1PRNG] took [10.018] milliseconds.
dic 02, 2013 9:18:22 AM org.apache.catalina.startup.HostConfig deployDirectory
Información: Despliegue del directorio /home/fernando/Documentos/DAM/Segundo/2dam/AD/apache-tomcat-7.0.23/webapps/ejemploMVC de la aplicación web
dic 02, 2013 9:18:23 AM org.apache.catalina.startup.HostConfig deployDirectory
Información: Despliegue del directorio /home/fernando/Documentos/DAM/Segundo/2dam/AD/apache-tomcat-7.0.23/webapps/manager de la aplicación web
dic 02, 2013 9:18:23 AM org.apache.catalina.startup.HostConfig deployDirectory
Información: Despliegue del directorio /home/fernando/Documentos/DAM/Segundo/2dam/AD/apache-tomcat-7.0.23/webapps/examples de la aplicación web
dic 02, 2013 9:18:23 AM org.apache.catalina.startup.HostConfig deployDirectory
Información: Despliegue del directorio /home/fernando/Documentos/DAM/Segundo/2dam/AD/apache-tomcat-7.0.23/webapps/docs de la aplicación web
dic 02, 2013 9:18:23 AM org.apache.catalina.startup.HostConfig deployDirectory
Información: Despliegue del directorio /home/fernando/Documentos/DAM/Segundo/2dam/AD/apache-tomcat-7.0.23/webapps/host-manager de la aplicación web
dic 02, 2013 9:18:23 AM org.apache.coyote.AbstractProtocol start
Información: Starting ProtocolHandler ["http-bio-8080"]
dic 02, 2013 9:18:23 AM org.apache.coyote.AbstractProtocol start
Información: Starting ProtocolHandler ["ajp-bio-8009"]
dic 02, 2013 9:18:23 AM org.apache.catalina.startup.Catalina start
Información: Server startup in 10940 ms
dic 02, 2013 9:18:23 AM org.apache.catalina.core.StandardContext reload
Información: Ha comenzado la recarga de Contexto [/ejemploMVC]
dic 02, 2013 9:18:24 AM org.apache.catalina.core.StandardContext reload
Información: Se ha completado la Regarga de este Contexto
dic 02, 2013 9:21:18 AM org.apache.catalina.core.StandardContext reload
Información: Ha comenzado la recarga de Contexto [/ejemploMVC]
dic 02, 2013 9:21:18 AM org.apache.catalina.loader.WebappClassLoader clearReferencesJdbc
Grave: La aplicación web [/ejemploMVC] registró el conductor JDBC [com.mysql.jdbc.Driver] pero falló al anular el registro mientras la aplicación web estaba parada. Para prevenir un fallo de memoria, se ha anulado el registro del conductor JDBC por la fuerza.
dic 02, 2013 9:21:18 AM org.apache.catalina.core.StandardContext reload
Información: Se ha completado la Regarga de este Contexto
dic 02, 2013 9:44:46 AM org.apache.catalina.core.StandardServer await
Información: Se ha recibido un comando de apagado a través del puerto de apagado. Parando la instancia del Servidor.
dic 02, 2013 9:44:46 AM org.apache.coyote.AbstractProtocol pause
Información: Pausing ProtocolHandler ["http-bio-8080"]
dic 02, 2013 9:44:46 AM org.apache.coyote.AbstractProtocol pause
Información: Pausing ProtocolHandler ["ajp-bio-8009"]
dic 02, 2013 9:44:46 AM org.apache.catalina.core.StandardService stopInternal
Información: Parando servicio Catalina
dic 02, 2013 9:44:46 AM org.apache.catalina.loader.WebappClassLoader clearReferencesJdbc
Grave: La aplicación web [/ejemploMVC] registró el conductor JDBC [com.mysql.jdbc.Driver] pero falló al anular el registro mientras la aplicación web estaba parada. Para prevenir un fallo de memoria, se ha anulado el registro del conductor JDBC por la fuerza.
dic 02, 2013 9:44:46 AM org.apache.coyote.AbstractProtocol stop
Información: Stopping ProtocolHandler ["http-bio-8080"]
dic 02, 2013 9:44:46 AM org.apache.coyote.AbstractProtocol stop
Información: Stopping ProtocolHandler ["ajp-bio-8009"]
dic 02, 2013 9:44:46 AM org.apache.coyote.AbstractProtocol destroy
Información: Destroying ProtocolHandler ["http-bio-8080"]
dic 02, 2013 9:44:46 AM org.apache.coyote.AbstractProtocol destroy
Información: Destroying ProtocolHandler ["ajp-bio-8009"]
dic 02, 2013 9:44:49 AM org.apache.catalina.core.AprLifecycleListener init
Información: La biblioteca nativa de Apache Tomcat basada en ARP que permite un rendimiento óptimo en entornos de desarrollo no ha sido hallada en java.library.path: /usr/java/packages/lib/amd64:/usr/lib64:/lib64:/lib:/usr/lib
dic 02, 2013 9:44:49 AM org.apache.coyote.AbstractProtocol init
Información: Initializing ProtocolHandler ["http-bio-8080"]
dic 02, 2013 9:44:49 AM org.apache.coyote.AbstractProtocol init
Información: Initializing ProtocolHandler ["ajp-bio-8009"]
dic 02, 2013 9:44:49 AM org.apache.catalina.startup.Catalina load
Información: Initialization processed in 661 ms
dic 02, 2013 9:44:49 AM org.apache.catalina.core.StandardService startInternal
Información: Arrancando servicio Catalina
dic 02, 2013 9:44:49 AM org.apache.catalina.core.StandardEngine startInternal
Información: Starting Servlet Engine: Apache Tomcat/7.0.23
dic 02, 2013 9:44:49 AM org.apache.catalina.startup.HostConfig deployDirectory
Información: Despliegue del directorio /home/fernando/Documentos/DAM/Segundo/2dam/AD/apache-tomcat-7.0.23/webapps/ROOT de la aplicación web
dic 02, 2013 9:44:50 AM org.apache.catalina.util.SessionIdGenerator createSecureRandom
Información: Creation of SecureRandom instance for session ID generation using [SHA1PRNG] took [152] milliseconds.
dic 02, 2013 9:44:50 AM org.apache.catalina.startup.HostConfig deployDirectory
Información: Despliegue del directorio /home/fernando/Documentos/DAM/Segundo/2dam/AD/apache-tomcat-7.0.23/webapps/ejemploMVC de la aplicación web
dic 02, 2013 9:44:50 AM org.apache.catalina.startup.HostConfig deployDirectory
Información: Despliegue del directorio /home/fernando/Documentos/DAM/Segundo/2dam/AD/apache-tomcat-7.0.23/webapps/manager de la aplicación web
dic 02, 2013 9:44:50 AM org.apache.catalina.startup.HostConfig deployDirectory
Información: Despliegue del directorio /home/fernando/Documentos/DAM/Segundo/2dam/AD/apache-tomcat-7.0.23/webapps/examples de la aplicación web
dic 02, 2013 9:44:50 AM org.apache.catalina.startup.HostConfig deployDirectory
Información: Despliegue del directorio /home/fernando/Documentos/DAM/Segundo/2dam/AD/apache-tomcat-7.0.23/webapps/docs de la aplicación web
dic 02, 2013 9:44:50 AM org.apache.catalina.startup.HostConfig deployDirectory
Información: Despliegue del directorio /home/fernando/Documentos/DAM/Segundo/2dam/AD/apache-tomcat-7.0.23/webapps/host-manager de la aplicación web
dic 02, 2013 9:44:50 AM org.apache.coyote.AbstractProtocol start
Información: Starting ProtocolHandler ["http-bio-8080"]
dic 02, 2013 9:44:50 AM org.apache.coyote.AbstractProtocol start
Información: Starting ProtocolHandler ["ajp-bio-8009"]
dic 02, 2013 9:44:50 AM org.apache.catalina.startup.Catalina start
Información: Server startup in 912 ms
dic 02, 2013 9:45:02 AM org.apache.catalina.core.StandardContext reload
Información: Ha comenzado la recarga de Contexto [/ejemploMVC]
dic 02, 2013 9:45:02 AM org.apache.catalina.core.StandardContext reload
Información: Se ha completado la Regarga de este Contexto
dic 02, 2013 9:45:23 AM org.apache.catalina.core.StandardContext reload
Información: Ha comenzado la recarga de Contexto [/ejemploMVC]
dic 02, 2013 9:45:23 AM org.apache.catalina.core.StandardContext reload
Información: Se ha completado la Regarga de este Contexto
